<?xml version="1.0" encoding="UTF-8"?>
<!-- Generated by org.testng.reporters.JUnitXMLReporter -->
<testsuite ignored="1" hostname="W10D9RJ693" failures="0" tests="3" name="Test" time="11.041" errors="0" timestamp="2021-05-19T12:36:52 IST">
  <testcase classname="com.testNG.ParameterDemo" name="login" time="0.009"/>
  <testcase classname="com.testNG.ParameterDemo" name="search" time="0.007"/>
  <testcase classname="com.testNG.ParameterDemo" name="addTocart" time="0.002"/>
  <testcase classname="com.testNG.ParameterDemo" name="address" time="0.0">
    <ignored/>
  </testcase> <!-- address -->
</testsuite> <!-- Test -->
