<?xml version="1.0" encoding="UTF-8"?>
<testng-results ignored="0" total="1" passed="1" failed="0" skipped="0">
  <reporter-output>
  </reporter-output>
  <suite started-at="2021-06-14T13:25:40 IST" name="Default suite" finished-at="2021-06-14T13:25:41 IST" duration-ms="510">
    <groups>
    </groups>
    <test started-at="2021-06-14T13:25:40 IST" name="Default test" finished-at="2021-06-14T13:25:41 IST" duration-ms="510">
      <class name="seleniumMethods.DatabaseTestingDemo">
        <test-method signature="databaseDemo()[pri:0, instance:seleniumMethods.DatabaseTestingDemo@10e41621]" started-at="2021-06-14T13:25:40 IST" name="databaseDemo" finished-at="2021-06-14T13:25:41 IST" duration-ms="480" status="PASS">
          <reporter-output>
          </reporter-output>
        </test-method> <!-- databaseDemo -->
      </class> <!-- seleniumMethods.DatabaseTestingDemo -->
    </test> <!-- Default test -->
  </suite> <!-- Default suite -->
</testng-results>
